<?xml version="1.0" encoding="UTF-8"?>
<!-- Generated by org.testng.reporters.JUnitReportReporter -->
<testsuite skipped="0" hostname="BammyPC" name="qaclickacademy.AppiumTest" tests="2" failures="0" timestamp="23 Jun 2019 21:11:13 GMT" time="0.018" errors="0">
  <testcase name="MobileUI" time="0.004" classname="qaclickacademy.AppiumTest"/>
  <testcase name="MobileBrowser" time="0.014" classname="qaclickacademy.AppiumTest"/>
</testsuite> <!-- qaclickacademy.AppiumTest -->
